[ 74.252] Warning: The directory "/usr/share/fonts/X11/cyrillic" does not exist.
[ 74.252] Warning: The directory "/usr/share/fonts/X11/100dpi/" does not exist.
[ 74.252] Warning: The directory "/usr/share/fonts/X11/75dpi/" does not exist.
[ 74.252] Warning: The directory "/usr/share/fonts/X11/100dpi" does not exist.
[ 74.252] Warning: The directory "/usr/share/fonts/X11/75dpi" does not exist.
[ 74.359] Warning: Falling back to old probe method for fbdev
[ 74.361] Warning: VGA arbiter: cannot open kernel arbiter, no multi-card support
[ 74.252] Information: The server relies on udev to provide the list of input devices.
[ 74.252] Information: Loader magic: 0x55a4263e1020
[ 74.252] Information: Module ABI versions:
[ 74.258] Information: systemd-logind: took control of session /org/freedesktop/login1/session/_32
[ 74.259] Information: xfree86: Adding drm device (/dev/dri/card0)
[ 74.261] Information: systemd-logind: got fd for /dev/dri/card0 226:0 fd 12 paused 0
[ 74.264] Information: LoadModule: "glx"
[ 74.274] Information: Loading /usr/lib/xorg/modules/extensions/libglx.so
[ 74.302] Information: Module glx: vendor="X.Org Foundation"
[ 74.302] Information: LoadModule: "modesetting"
[ 74.302] Information: Loading /usr/lib/xorg/modules/drivers/modesetting_drv.so
[ 74.310] Information: Module modesetting: vendor="X.Org Foundation"
[ 74.310] Information: LoadModule: "fbdev"
[ 74.310] Information: Loading /usr/lib/xorg/modules/drivers/fbdev_drv.so
[ 74.321] Information: Module fbdev: vendor="X.Org Foundation"
[ 74.322] Information: LoadModule: "vesa"
[ 74.322] Information: Loading /usr/lib/xorg/modules/drivers/vesa_drv.so
[ 74.359] Information: Module vesa: vendor="X.Org Foundation"
[ 74.359] Information: modesetting: Driver for Modesetting Kernel Drivers: kms
[ 74.359] Information: FBDEV: driver for framebuffer: fbdev
[ 74.359] Information: VESA: driver for VESA chipsets: vesa
[ 74.359] Information: modeset(0): using drv /dev/dri/card0
[ 74.359] Information: Loading sub module "fbdevhw"
[ 74.359] Information: LoadModule: "fbdevhw"
[ 74.359] Information: Loading /usr/lib/xorg/modules/libfbdevhw.so
[ 74.361] Information: Module fbdevhw: vendor="X.Org Foundation"
[ 74.361] Information: modeset(0): Creating default Display subsection in Screen section
[ 74.361] Information: Loading sub module "glamoregl"
[ 74.361] Information: LoadModule: "glamoregl"
[ 74.361] Information: Loading /usr/lib/xorg/modules/libglamoregl.so
[ 74.391] Information: Module glamoregl: vendor="X.Org Foundation"
[ 74.454] Information: modeset(0): glamor X acceleration enabled on Mesa DRI Intel(R) HD Graphics 500 (Broxton 2x6)
[ 74.454] Information: modeset(0): glamor initialized
[ 74.462] Information: modeset(0): Output eDP-1 has no monitor section
[ 74.464] Information: modeset(0): Output HDMI-1 has no monitor section
[ 74.464] Information: modeset(0): Output DP-1 has no monitor section
[ 74.466] Information: modeset(0): EDID for output eDP-1
[ 74.466] Information: modeset(0): Manufacturer: CMN Model: 15db Serial#: 0
[ 74.466] Information: modeset(0): Year: 2015 Week: 45
[ 74.467] Information: modeset(0): EDID Version: 1.4
[ 74.467] Information: modeset(0): Digital Display Input
[ 74.467] Information: modeset(0): 6 bits per channel
[ 74.467] Information: modeset(0): Digital interface is DisplayPort
[ 74.467] Information: modeset(0): Max Image Size [cm]: horiz.: 34 vert.: 19
[ 74.467] Information: modeset(0): Gamma: 2.20
[ 74.468] Information: modeset(0): No DPMS capabilities specified
[ 74.468] Information: modeset(0): Supported color encodings: RGB 4:4:4
[ 74.468] Information: modeset(0): First detailed timing is preferred mode
[ 74.468] Information: modeset(0): Preferred mode is native pixel format and refresh rate
[ 74.468] Information: modeset(0): redX: 0.569 redY: 0.332 greenX: 0.328 greenY: 0.581
[ 74.468] Information: modeset(0): blueX: 0.163 blueY: 0.147 whiteX: 0.313 whiteY: 0.329
[ 74.469] Information: modeset(0): Manufacturer's mask: 0
[ 74.469] Information: modeset(0): Supported detailed timing:
[ 74.469] Information: modeset(0): clock: 76.4 MHz Image Size: 344 x 193 mm
[ 74.469] Information: modeset(0): h_active: 1366 h_sync: 1434 h_sync_end 1479 h_blank_end 1592 h_border: 0
[ 74.469] Information: modeset(0): v_active: 768 v_sync: 772 v_sync_end 779 v_blanking: 800 v_border: 0
[ 74.470] Information: modeset(0): N156BGA-EA2
[ 74.470] Information: modeset(0): CMN
[ 74.470] Information: modeset(0): N156BGA-EA2
[ 74.470] Information: modeset(0): EDID (in hex):
[ 74.470] Information: modeset(0): 00ffffffffffff000daedb1500000000
[ 74.471] Information: modeset(0): 2d1901049522137802c3f59155549429
[ 74.471] Information: modeset(0): 25505400000001010101010101010101
[ 74.471] Information: modeset(0): 010101010101da1d56e250002030442d
[ 74.471] Information: modeset(0): 470058c110000018000000fe004e3135
[ 74.471] Information: modeset(0): 364247412d4541320a20000000fe0043
[ 74.471] Information: modeset(0): 4d4e0a202020202020202020000000fe
[ 74.471] Information: modeset(0): 004e3135364247412d4541320a2000f4
[ 74.472] Information: modeset(0): Printing probed modes for output eDP-1
[ 74.472] Information: modeset(0): Modeline "1366x768"x60.0 76.42 1366 1434 1479 1592 768 772 779 800 -hsync -vsync (48.0 kHz eP)
[ 74.472] Information: modeset(0): Modeline "1360x768"x59.8 84.75 1360 1432 1568 1776 768 771 781 798 -hsync +vsync (47.7 kHz d)
[ 74.472] Information: modeset(0): Modeline "1360x768"x60.0 72.00 1360 1408 1440 1520 768 771 781 790 +hsync -vsync (47.4 kHz d)
[ 74.472] Information: modeset(0): Modeline "1280x720"x120.0 156.12 1280 1376 1512 1744 720 721 724 746 doublescan -hsync +vsync (89.5 kHz d)
[ 74.472] Information: modeset(0): Modeline "1280x720"x120.0 120.75 1280 1304 1320 1360 720 721 724 740 doublescan +hsync -vsync (88.8 kHz d)
[ 74.472] Information: modeset(0): Modeline "1280x720"x59.9 74.50 1280 1344 1472 1664 720 723 728 748 -hsync +vsync (44.8 kHz d)
[ 74.472] Information: modeset(0): Modeline "1280x720"x59.7 63.75 1280 1328 1360 1440 720 723 728 741 +hsync -vsync (44.3 kHz d)
[ 74.472] Information: modeset(0): Modeline "1024x768"x120.1 133.47 1024 1100 1212 1400 768 768 770 794 doublescan -hsync +vsync (95.3 kHz d)
[ 74.472] Information: modeset(0): Modeline "1024x768"x60.0 65.00 1024 1048 1184 1344 768 771 777 806 -hsync -vsync (48.4 kHz d)
[ 74.472] Information: modeset(0): Modeline "960x720"x120.0 117.00 960 1024 1128 1300 720 720 722 750 doublescan -hsync +vsync (90.0 kHz d)
[ 74.472] Information: modeset(0): Modeline "928x696"x120.1 109.15 928 976 1088 1264 696 696 698 719 doublescan -hsync +vsync (86.4 kHz d)
[ 74.472] Information: modeset(0): Modeline "896x672"x120.0 102.40 896 960 1060 1224 672 672 674 697 doublescan -hsync +vsync (83.7 kHz d)
[ 74.472] Information: modeset(0): Modeline "1024x576"x119.9 98.50 1024 1092 1200 1376 576 577 580 597 doublescan -hsync +vsync (71.6 kHz d)
[ 74.472] Information: modeset(0): Modeline "1024x576"x119.9 78.38 1024 1048 1064 1104 576 577 580 592 doublescan +hsync -vsync (71.0 kHz d)
[ 74.472] Information: modeset(0): Modeline "1024x576"x59.9 46.50 1024 1064 1160 1296 576 579 584 599 -hsync +vsync (35.9 kHz d)
[ 74.472] Information: modeset(0): Modeline "1024x576"x59.8 42.00 1024 1072 1104 1184 576 579 584 593 +hsync -vsync (35.5 kHz d)
[ 74.472] Information: modeset(0): Modeline "960x600"x119.9 96.62 960 1028 1128 1296 600 601 604 622 doublescan -hsync +vsync (74.6 kHz d)
[ 74.472] Information: modeset(0): Modeline "960x600"x120.0 77.00 960 984 1000 1040 600 601 604 617 doublescan +hsync -vsync (74.0 kHz d)
[ 74.472] Information: modeset(0): Modeline "960x540"x119.9 86.50 960 1024 1124 1288 540 541 544 560 doublescan -hsync +vsync (67.2 kHz d)
[ 74.472] Information: modeset(0): Modeline "960x540"x120.0 69.25 960 984 1000 1040 540 541 544 555 doublescan +hsync -vsync (66.6 kHz d)
[ 74.472] Information: modeset(0): Modeline "960x540"x59.6 40.75 960 992 1088 1216 540 543 548 562 -hsync +vsync (33.5 kHz d)
[ 74.472] Information: modeset(0): Modeline "960x540"x59.8 37.25 960 1008 1040 1120 540 543 548 556 +hsync -vsync (33.3 kHz d)
[ 74.472] Information: modeset(0): Modeline "800x600"x120.0 81.00 800 832 928 1080 600 600 602 625 doublescan +hsync +vsync (75.0 kHz d)
[ 74.472] Information: modeset(0): Modeline "800x600"x60.3 40.00 800 840 968 1056 600 601 605 628 +hsync +vsync (37.9 kHz d)
[ 74.472] Information: modeset(0): Modeline "800x600"x56.2 36.00 800 824 896 1024 600 601 603 625 +hsync +vsync (35.2 kHz d)
[ 74.472] Information: modeset(0): Modeline "840x525"x120.0 73.12 840 892 980 1120 525 526 529 544 doublescan -hsync +vsync (65.3 kHz d)
[ 74.472] Information: modeset(0): Modeline "840x525"x119.8 59.50 840 864 880 920 525 526 529 540 doublescan +hsync -vsync (64.7 kHz d)
[ 74.472] Information: modeset(0): Modeline "864x486"x59.9 32.50 864 888 968 1072 486 489 494 506 -hsync +vsync (30.3 kHz d)
[ 74.472] Information: modeset(0): Modeline "864x486"x59.6 30.50 864 912 944 1024 486 489 494 500 +hsync -vsync (29.8 kHz d)
[ 74.472] Information: modeset(0): Modeline "800x512"x120.3 51.56 800 800 828 832 512 512 514 515 doublescan +hsync +vsync (62.0 kHz d)
[ 74.472] Information: modeset(0): Modeline "700x525"x120.0 61.00 700 744 820 940 525 526 532 541 doublescan +hsync +vsync (64.9 kHz d)
[ 74.472] Information: modeset(0): Modeline "800x450"x119.9 59.12 800 848 928 1056 450 451 454 467 doublescan -hsync +vsync (56.0 kHz d)
[ 74.472] Information: modeset(0): Modeline "800x450"x119.6 48.75 800 824 840 880 450 451 454 463 doublescan +hsync -vsync (55.4 kHz d)
[ 74.472] Information: modeset(0): Modeline "640x512"x120.0 54.00 640 664 720 844 512 512 514 533 doublescan +hsync +vsync (64.0 kHz d)
[ 74.472] Information: modeset(0): Modeline "720x450"x119.8 53.25 720 760 836 952 450 451 454 467 doublescan -hsync +vsync (55.9 kHz d)
[ 74.472] Information: modeset(0): Modeline "700x450"x119.9 51.75 700 740 812 924 450 451 456 467 doublescan -hsync +vsync (56.0 kHz d)
[ 74.472] Information: modeset(0): Modeline "700x450"x119.8 43.25 700 724 740 780 450 451 456 463 doublescan +hsync -vsync (55.4 kHz d)
[ 74.472] Information: modeset(0): Modeline "640x480"x120.0 54.00 640 688 744 900 480 480 482 500 doublescan +hsync +vsync (60.0 kHz d)
[ 74.472] Information: modeset(0): Modeline "640x480"x59.9 25.18 640 656 752 800 480 490 492 525 -hsync -vsync (31.5 kHz d)
[ 74.472] Information: modeset(0): Modeline "720x405"x59.5 22.50 720 744 808 896 405 408 413 422 -hsync +vsync (25.1 kHz d)
[ 74.472] Information: modeset(0): Modeline "720x405"x59.0 21.75 720 768 800 880 405 408 413 419 +hsync -vsync (24.7 kHz d)
[ 74.472] Information: modeset(0): Modeline "684x384"x119.8 42.62 684 720 788 892 384 385 390 399 doublescan -hsync +vsync (47.8 kHz d)
[ 74.472] Information: modeset(0): Modeline "684x384"x119.7 36.12 684 708 724 764 384 385 390 395 doublescan +hsync -vsync (47.3 kHz d)
[ 74.472] Information: modeset(0): Modeline "680x384"x119.6 42.38 680 716 784 888 384 385 390 399 doublescan -hsync +vsync (47.7 kHz d)
[ 74.472] Information: modeset(0): Modeline "680x384"x119.9 36.00 680 704 720 760 384 385 390 395 doublescan +hsync -vsync (47.4 kHz d)
[ 74.472] Information: modeset(0): Modeline "640x400"x119.8 41.75 640 676 740 840 400 401 404 415 doublescan -hsync +vsync (49.7 kHz d)
[ 74.472] Information: modeset(0): Modeline "640x400"x120.0 35.50 640 664 680 720 400 401 404 411 doublescan +hsync -vsync (49.3 kHz d)
[ 74.473] Information: modeset(0): Modeline "576x432"x120.1 40.81 576 608 668 760 432 432 434 447 doublescan -hsync +vsync (53.7 kHz d)
[ 74.473] Information: modeset(0): Modeline "640x360"x119.7 37.25 640 672 736 832 360 361 364 374 doublescan -hsync +vsync (44.8 kHz d)
[ 74.473] Information: modeset(0): Modeline "640x360"x119.7 31.88 640 664 680 720 360 361 364 370 doublescan +hsync -vsync (44.3 kHz d)
[ 74.473] Information: modeset(0): Modeline "640x360"x59.8 18.00 640 664 720 800 360 363 368 376 -hsync +vsync (22.5 kHz d)
[ 74.473] Information: modeset(0): Modeline "640x360"x59.3 17.75 640 688 720 800 360 363 368 374 +hsync -vsync (22.2 kHz d)
[ 74.473] Information: modeset(0): Modeline "512x384"x120.0 32.50 512 524 592 672 384 385 388 403 doublescan -hsync -vsync (48.4 kHz d)
[ 74.473] Information: modeset(0): Modeline "512x288"x120.0 23.25 512 532 580 648 288 289 292 299 doublescan -hsync +vsync (35.9 kHz d)
[ 74.473] Information: modeset(0): Modeline "512x288"x119.8 21.00 512 536 552 592 288 289 292 296 doublescan +hsync -vsync (35.5 kHz d)
[ 74.473] Information: modeset(0): Modeline "480x270"x119.3 20.38 480 496 544 608 270 271 274 281 doublescan -hsync +vsync (33.5 kHz d)
[ 74.473] Information: modeset(0): Modeline "480x270"x119.6 18.62 480 504 520 560 270 271 274 278 doublescan +hsync -vsync (33.3 kHz d)
[ 74.473] Information: modeset(0): Modeline "400x300"x120.6 20.00 400 420 484 528 300 300 302 314 doublescan +hsync +vsync (37.9 kHz d)
[ 74.473] Information: modeset(0): Modeline "400x300"x112.7 18.00 400 412 448 512 300 300 301 312 doublescan +hsync +vsync (35.2 kHz d)
[ 74.473] Information: modeset(0): Modeline "432x243"x119.8 16.25 432 444 484 536 243 244 247 253 doublescan -hsync +vsync (30.3 kHz d)
[ 74.473] Information: modeset(0): Modeline "432x243"x119.1 15.25 432 456 472 512 243 244 247 250 doublescan +hsync -vsync (29.8 kHz d)
[ 74.473] Information: modeset(0): Modeline "320x240"x120.1 12.59 320 328 376 400 240 245 246 262 doublescan -hsync -vsync (31.5 kHz d)
[ 74.473] Information: modeset(0): Modeline "360x202"x119.0 11.25 360 372 404 448 202 204 206 211 doublescan -hsync +vsync (25.1 kHz d)
[ 74.473] Information: modeset(0): Modeline "360x202"x118.3 10.88 360 384 400 440 202 204 206 209 doublescan +hsync -vsync (24.7 kHz d)
[ 74.473] Information: modeset(0): Modeline "320x180"x119.7 9.00 320 332 360 400 180 181 184 188 doublescan -hsync +vsync (22.5 kHz d)
[ 74.473] Information: modeset(0): Modeline "320x180"x118.6 8.88 320 344 360 400 180 181 184 187 doublescan +hsync -vsync (22.2 kHz d)
[ 74.477] Information: modeset(0): EDID for output HDMI-1
[ 74.478] Information: modeset(0): EDID for output DP-1
[ 74.478] Information: modeset(0): Output eDP-1 connected
[ 74.478] Information: modeset(0): Output HDMI-1 disconnected
[ 74.478] Information: modeset(0): Output DP-1 disconnected
[ 74.478] Information: modeset(0): Using exact sizes for initial modes
[ 74.478] Information: modeset(0): Output eDP-1 using initial mode 1366x768 +0+0
[ 74.478] Information: Loading sub module "fb"
[ 74.478] Information: LoadModule: "fb"
[ 74.478] Information: Loading /usr/lib/xorg/modules/libfb.so
[ 74.486] Information: Module fb: vendor="X.Org Foundation"
[ 74.486] Information: UnloadModule: "fbdev"
[ 74.486] Information: Unloading fbdev
[ 74.486] Information: UnloadSubModule: "fbdevhw"
[ 74.486] Information: Unloading fbdevhw
[ 74.487] Information: UnloadModule: "vesa"
[ 74.487] Information: Unloading vesa
[ 74.876] Information: modeset(0): Initializing kms color map for depth 24, 8 bpc.
[ 74.877] Information: modeset(0): [DRI2] Setup complete
[ 74.877] Information: modeset(0): [DRI2] DRI driver: i965
[ 74.878] Information: modeset(0): [DRI2] VDPAU driver: va_gl
[ 74.878] Information: Initializing extension Generic Event Extension
[ 74.878] Information: Initializing extension SHAPE
[ 74.879] Information: Initializing extension MIT-SHM
[ 74.879] Information: Initializing extension XInputExtension
[ 74.880] Information: Initializing extension XTEST
[ 74.881] Information: Initializing extension BIG-REQUESTS
[ 74.894] Information: Initializing extension SYNC
[ 74.895] Information: Initializing extension XKEYBOARD
[ 74.895] Information: Initializing extension XC-MISC
[ 74.895] Information: Initializing extension SECURITY
[ 74.896] Information: Initializing extension XFIXES
[ 74.896] Information: Initializing extension RENDER
[ 74.897] Information: Initializing extension RANDR
[ 74.897] Information: Initializing extension COMPOSITE
[ 74.897] Information: Initializing extension DAMAGE
[ 74.898] Information: Initializing extension MIT-SCREEN-SAVER
[ 74.898] Information: Initializing extension DOUBLE-BUFFER
[ 74.898] Information: Initializing extension RECORD
[ 74.899] Information: Initializing extension DPMS
[ 74.899] Information: Initializing extension Present
[ 74.900] Information: Initializing extension DRI3
[ 74.900] Information: Initializing extension X-Resource
[ 74.900] Information: Initializing extension XVideo
[ 74.901] Information: Initializing extension XVideo-MotionCompensation
[ 74.901] Information: Initializing extension SELinux
[ 74.901] Information: SELinux: Disabled on system
[ 74.901] Information: Initializing extension GLX
[ 74.919] Information: AIGLX: Loaded and initialized i965
[ 74.919] Information: GLX: Initialized DRI2 GL provider for screen 0
[ 74.919] Information: Initializing extension XFree86-VidModeExtension
[ 74.919] Information: Initializing extension XFree86-DGA
[ 74.920] Information: Initializing extension XFree86-DRI
[ 74.920] Information: Initializing extension DRI2
[ 74.925] Information: modeset(0): Damage tracking initialized
[ 74.926] Information: modeset(0): Setting screen physical size to 361 x 203
[ 75.069] Information: config/udev: Adding input device Asus Wireless Radio Control (/dev/input/event4)
[ 75.069] Information: LoadModule: "libinput"
[ 75.070] Information: Loading /usr/lib/xorg/modules/input/libinput_drv.so
[ 75.085] Information: Module libinput: vendor="X.Org Foundation"
[ 75.085] Information: Using input driver 'libinput' for 'Asus Wireless Radio Control'
[ 75.104] Information: systemd-logind: got fd for /dev/input/event4 13:68 fd 21 paused 0
[ 75.109] Information: event4 - Asus Wireless Radio Control: is tagged by udev as: Keyboard
[ 75.109] Information: event4 - Asus Wireless Radio Control: device is a keyboard
[ 75.109] Information: event4 - Asus Wireless Radio Control: device removed
[ 75.109] Information: XINPUT: Adding extended input device "Asus Wireless Radio Control" (type: KEYBOARD, id 6)
[ 75.189] Information: event4 - Asus Wireless Radio Control: is tagged by udev as: Keyboard
[ 75.189] Information: event4 - Asus Wireless Radio Control: device is a keyboard
[ 75.190] Information: config/udev: Adding input device Video Bus (/dev/input/event5)
[ 75.191] Information: Using input driver 'libinput' for 'Video Bus'
[ 75.209] Information: systemd-logind: got fd for /dev/input/event5 13:69 fd 24 paused 0
[ 75.211] Information: event5 - Video Bus: is tagged by udev as: Keyboard
[ 75.212] Information: event5 - Video Bus: device is a keyboard
[ 75.212] Information: event5 - Video Bus: device removed
[ 75.212] Information: XINPUT: Adding extended input device "Video Bus" (type: KEYBOARD, id 7)
[ 75.217] Information: event5 - Video Bus: is tagged by udev as: Keyboard
[ 75.217] Information: event5 - Video Bus: device is a keyboard
[ 75.219] Information: config/udev: Adding input device Power Button (/dev/input/event0)
[ 75.219] Information: Using input driver 'libinput' for 'Power Button'
[ 75.221] Information: systemd-logind: got fd for /dev/input/event0 13:64 fd 25 paused 0
[ 75.225] Information: event0 - Power Button: is tagged by udev as: Keyboard
[ 75.225] Information: event0 - Power Button: device is a keyboard
[ 75.226] Information: event0 - Power Button: device removed
[ 75.226] Information: XINPUT: Adding extended input device "Power Button" (type: KEYBOARD, id 8)
[ 75.228] Information: event0 - Power Button: is tagged by udev as: Keyboard
[ 75.229] Information: event0 - Power Button: device is a keyboard
[ 75.233] Information: config/udev: Adding input device Lid Switch (/dev/input/event1)
[ 75.233] Information: No input driver specified, ignoring this device.
[ 75.233] Information: This device may have been added with another device file.
[ 75.234] Information: config/udev: Adding input device Sleep Button (/dev/input/event2)
[ 75.235] Information: Using input driver 'libinput' for 'Sleep Button'
[ 75.237] Information: systemd-logind: got fd for /dev/input/event2 13:66 fd 26 paused 0
[ 75.241] Information: event2 - Sleep Button: is tagged by udev as: Keyboard
[ 75.241] Information: event2 - Sleep Button: device is a keyboard
[ 75.241] Information: event2 - Sleep Button: device removed
[ 75.242] Information: XINPUT: Adding extended input device "Sleep Button" (type: KEYBOARD, id 9)
[ 75.243] Information: event2 - Sleep Button: is tagged by udev as: Keyboard
[ 75.244] Information: event2 - Sleep Button: device is a keyboard
[ 75.247] Information: config/udev: Adding input device HDA Intel PCH HDMI/DP,pcm=8 (/dev/input/event10)
[ 75.248] Information: No input driver specified, ignoring this device.
[ 75.248] Information: This device may have been added with another device file.
[ 75.249] Information: config/udev: Adding input device HDA Intel PCH HDMI/DP,pcm=9 (/dev/input/event11)
[ 75.250] Information: No input driver specified, ignoring this device.
[ 75.250] Information: This device may have been added with another device file.
[ 75.253] Information: config/udev: Adding input device HDA Intel PCH HDMI/DP,pcm=10 (/dev/input/event12)
[ 75.254] Information: No input driver specified, ignoring this device.
[ 75.254] Information: This device may have been added with another device file.
[ 75.255] Information: config/udev: Adding input device HDA Intel PCH Headphone (/dev/input/event7)
[ 75.255] Information: No input driver specified, ignoring this device.
[ 75.256] Information: This device may have been added with another device file.
[ 75.256] Information: config/udev: Adding input device HDA Intel PCH HDMI/DP,pcm=3 (/dev/input/event8)
[ 75.256] Information: No input driver specified, ignoring this device.
[ 75.257] Information: This device may have been added with another device file.
[ 75.261] Information: config/udev: Adding input device HDA Intel PCH HDMI/DP,pcm=7 (/dev/input/event9)
[ 75.261] Information: No input driver specified, ignoring this device.
[ 75.261] Information: This device may have been added with another device file.
[ 75.262] Information: config/udev: Adding input device USB2.0 VGA UVC WebCam: USB2.0 V (/dev/input/event13)
[ 75.263] Information: Using input driver 'libinput' for 'USB2.0 VGA UVC WebCam: USB2.0 V'
[ 75.265] Information: systemd-logind: got fd for /dev/input/event13 13:77 fd 27 paused 0
[ 75.269] Information: event13 - USB2.0 VGA UVC WebCam: USB2.0 V: is tagged by udev as: Keyboard
[ 75.269] Information: event13 - USB2.0 VGA UVC WebCam: USB2.0 V: device is a keyboard
[ 75.269] Information: event13 - USB2.0 VGA UVC WebCam: USB2.0 V: device removed
[ 75.269] Information: XINPUT: Adding extended input device "USB2.0 VGA UVC WebCam: USB2.0 V" (type: KEYBOARD, id 10)
[ 75.270] Information: event13 - USB2.0 VGA UVC WebCam: USB2.0 V: is tagged by udev as: Keyboard
[ 75.270] Information: event13 - USB2.0 VGA UVC WebCam: USB2.0 V: device is a keyboard
[ 75.271] Information: config/udev: Adding input device ELAN1200:00 04F3:3045 Touchpad (/dev/input/event14)
[ 75.271] Information: Using input driver 'libinput' for 'ELAN1200:00 04F3:3045 Touchpad'
[ 75.274] Information: systemd-logind: got fd for /dev/input/event14 13:78 fd 28 paused 0
[ 75.275] Information: event14 - ELAN1200:00 04F3:3045 Touchpad: is tagged by udev as: Touchpad
[ 75.275] Information: event14 - ELAN1200:00 04F3:3045 Touchpad: device is a touchpad
[ 75.275] Information: event14 - ELAN1200:00 04F3:3045 Touchpad: device removed
[ 75.275] Information: XINPUT: Adding extended input device "ELAN1200:00 04F3:3045 Touchpad" (type: TOUCHPAD, id 11)
[ 75.276] Information: event14 - ELAN1200:00 04F3:3045 Touchpad: is tagged by udev as: Touchpad
[ 75.276] Information: event14 - ELAN1200:00 04F3:3045 Touchpad: device is a touchpad
[ 75.277] Information: config/udev: Adding input device ELAN1200:00 04F3:3045 Touchpad (/dev/input/mouse0)
[ 75.277] Information: No input driver specified, ignoring this device.
[ 75.277] Information: This device may have been added with another device file.
[ 75.278] Information: config/udev: Adding input device Asus WMI hotkeys (/dev/input/event6)
[ 75.278] Information: Using input driver 'libinput' for 'Asus WMI hotkeys'
[ 75.286] Information: systemd-logind: got fd for /dev/input/event6 13:70 fd 29 paused 0
[ 75.287] Information: event6 - Asus WMI hotkeys: is tagged by udev as: Keyboard
[ 75.287] Information: event6 - Asus WMI hotkeys: device is a keyboard
[ 75.287] Information: event6 - Asus WMI hotkeys: device removed
[ 75.287] Information: XINPUT: Adding extended input device "Asus WMI hotkeys" (type: KEYBOARD, id 12)
[ 75.288] Information: event6 - Asus WMI hotkeys: is tagged by udev as: Keyboard
[ 75.288] Information: event6 - Asus WMI hotkeys: device is a keyboard
[ 75.288] Information: config/udev: Adding input device AT Translated Set 2 keyboard (/dev/input/event3)
[ 75.288] Information: Using input driver 'libinput' for 'AT Translated Set 2 keyboard'
[ 75.297] Information: systemd-logind: got fd for /dev/input/event3 13:67 fd 30 paused 0
[ 75.299] Information: event3 - AT Translated Set 2 keyboard: is tagged by udev as: Keyboard
[ 75.299] Information: event3 - AT Translated Set 2 keyboard: device is a keyboard
[ 75.299] Information: event3 - AT Translated Set 2 keyboard: device removed
[ 75.300] Information: XINPUT: Adding extended input device "AT Translated Set 2 keyboard" (type: KEYBOARD, id 13)
[ 75.304] Information: event3 - AT Translated Set 2 keyboard: is tagged by udev as: Keyboard
[ 75.305] Information: event3 - AT Translated Set 2 keyboard: device is a keyboard
[ 76.960] Information: modeset(0): EDID vendor "CMN", prod id 5595
[ 76.960] Information: modeset(0): Printing DDC gathered Modelines:
[ 76.960] Information: modeset(0): Modeline "1366x768"x0.0 76.42 1366 1434 1479 1592 768 772 779 800 -hsync -vsync (48.0 kHz eP)
